# JRE version: OpenJDK Runtime Environment Temurin-17.0.16+8 (17.0.16+8) (build 17.0.16+8)
# Java VM: OpenJDK 64-Bit Server VM Temurin-17.0.16+8 (17.0.16+8, mixed mode, sharing, tiered, compressed oops, compressed class ptrs, g1 gc, windows-amd64)
GC Precious Log:
 CPUs: 4 total, 4 available
 Memory: 3836M
 Large Page Support: Disabled
 NUMA Support: Disabled
 Compressed Oops: Enabled (32-bit)
 Heap Region Size: 1M
 Heap Min Capacity: 8M
 Heap Initial Capacity: 60M
 Heap Max Capacity: 2G
 Pre-touch: Disabled
 Parallel Workers: 4
 Concurrent Workers: 1
 Concurrent Refinement Workers: 4
 Periodic GC: Disabled
Heap:
 garbage-first heap   total 283648K, used 243752K [0x0000000080000000, 0x0000000100000000)
  region size 1024K, 3 young (3072K), 2 survivors (2048K)
 Metaspace       used 166370K, committed 167360K, reserved 1245184K
  class space    used 21410K, committed 21888K, reserved 1048576K
GC Heap History (20 events):
Event: 431.441 GC heap before
{Heap before GC invocations=91 (full 0):
 garbage-first heap   total 283648K, used 246416K [0x0000000080000000, 0x0000000100000000)
  region size 1024K, 21 young (21504K), 3 survivors (3072K)
 Metaspace       used 157067K, committed 158144K, reserved 1245184K
  class space    used 20423K, committed 20928K, reserved 1048576K
}
Event: 431.468 GC heap after
{Heap after GC invocations=92 (full 0):
 garbage-first heap   total 283648K, used 231020K [0x0000000080000000, 0x0000000100000000)
  region size 1024K, 3 young (3072K), 3 survivors (3072K)
 Metaspace       used 157067K, committed 158144K, reserved 1245184K
  class space    used 20423K, committed 20928K, reserved 1048576K
}
Event: 434.974 GC heap before
{Heap before GC invocations=92 (full 0):
 garbage-first heap   total 283648K, used 246380K [0x0000000080000000, 0x0000000100000000)
  region size 1024K, 18 young (18432K), 3 survivors (3072K)
 Metaspace       used 158759K, committed 159744K, reserved 1245184K
  class space    used 20591K, committed 21056K, reserved 1048576K
}
Event: 434.988 GC heap after
{Heap after GC invocations=93 (full 0):
 garbage-first heap   total 283648K, used 232292K [0x0000000080000000, 0x0000000100000000)
  region size 1024K, 2 young (2048K), 2 survivors (2048K)
 Metaspace       used 158759K, committed 159744K, reserved 1245184K
  class space    used 20591K, committed 21056K, reserved 1048576K
}
Event: 444.277 GC heap before
{Heap before GC invocations=93 (full 0):
 garbage-first heap   total 283648K, used 246628K [0x0000000080000000, 0x0000000100000000)
  region size 1024K, 16 young (16384K), 2 survivors (2048K)
 Metaspace       used 160054K, committed 161024K, reserved 1245184K
  class space    used 20705K, committed 21184K, reserved 1048576K
}
Event: 444.288 GC heap after
{Heap after GC invocations=94 (full 0):
 garbage-first heap   total 283648K, used 232588K [0x0000000080000000, 0x0000000100000000)
  region size 1024K, 2 young (2048K), 2 survivors (2048K)
 Metaspace       used 160054K, committed 161024K, reserved 1245184K
  class space    used 20705K, committed 21184K, reserved 1048576K
}
Event: 446.684 GC heap before
{Heap before GC invocations=94 (full 0):
 garbage-first heap   total 283648K, used 247948K [0x0000000080000000, 0x0000000100000000)
  region size 1024K, 17 young (17408K), 2 survivors (2048K)
 Metaspace       used 160830K, committed 161856K, reserved 1245184K
  class space    used 20770K, committed 21248K, reserved 1048576K
}
Event: 446.725 GC heap after
{Heap after GC invocations=95 (full 0):
 garbage-first heap   total 283648K, used 235656K [0x0000000080000000, 0x0000000100000000)
  region size 1024K, 3 young (3072K), 3 survivors (3072K)
 Metaspace       used 160830K, committed 161856K, reserved 1245184K
  class space    used 20770K, committed 21248K, reserved 1048576K
}
Event: 449.418 GC heap before
{Heap before GC invocations=95 (full 0):
 garbage-first heap   total 283648K, used 247944K [0x0000000080000000, 0x0000000100000000)
  region size 1024K, 15 young (15360K), 3 survivors (3072K)
 Metaspace       used 161581K, committed 162624K, reserved 1245184K
  class space    used 20865K, committed 21376K, reserved 1048576K
}
Event: 449.443 GC heap after
{Heap after GC invocations=96 (full 0):
 garbage-first heap   total 283648K, used 237894K [0x0000000080000000, 0x0000000100000000)
  region size 1024K, 2 young (2048K), 2 survivors (2048K)
 Metaspace       used 161581K, committed 162624K, reserved 1245184K
  class space    used 20865K, committed 21376K, reserved 1048576K
}
Event: 451.074 GC heap before
{Heap before GC invocations=96 (full 0):
 garbage-first heap   total 283648K, used 248134K [0x0000000080000000, 0x0000000100000000)
  region size 1024K, 13 young (13312K), 2 survivors (2048K)
 Metaspace       used 162818K, committed 163840K, reserved 1245184K
  class space    used 21058K, committed 21568K, reserved 1048576K
}
Event: 451.092 GC heap after
{Heap after GC invocations=97 (full 0):
 garbage-first heap   total 283648K, used 238989K [0x0000000080000000, 0x0000000100000000)
  region size 1024K, 1 young (1024K), 1 survivors (1024K)
 Metaspace       used 162818K, committed 163840K, reserved 1245184K
  class space    used 21058K, committed 21568K, reserved 1048576K
}
Event: 452.844 GC heap before
{Heap before GC invocations=97 (full 0):
 garbage-first heap   total 283648K, used 251277K [0x0000000080000000, 0x0000000100000000)
  region size 1024K, 13 young (13312K), 1 survivors (1024K)
 Metaspace       used 163174K, committed 164160K, reserved 1245184K
  class space    used 21093K, committed 21568K, reserved 1048576K
}
Event: 452.849 GC heap after
{Heap after GC invocations=98 (full 0):
 garbage-first heap   total 283648K, used 239040K [0x0000000080000000, 0x0000000100000000)
  region size 1024K, 2 young (2048K), 2 survivors (2048K)
 Metaspace       used 163174K, committed 164160K, reserved 1245184K
  class space    used 21093K, committed 21568K, reserved 1048576K
}
Event: 456.194 GC heap before
{Heap before GC invocations=98 (full 0):
 garbage-first heap   total 283648K, used 250304K [0x0000000080000000, 0x0000000100000000)
  region size 1024K, 13 young (13312K), 2 survivors (2048K)
 Metaspace       used 164111K, committed 165184K, reserved 1245184K
  class space    used 21192K, committed 21696K, reserved 1048576K
}
Event: 456.200 GC heap after
{Heap after GC invocations=99 (full 0):
 garbage-first heap   total 283648K, used 239696K [0x0000000080000000, 0x0000000100000000)
  region size 1024K, 2 young (2048K), 2 survivors (2048K)
 Metaspace       used 164111K, committed 165184K, reserved 1245184K
  class space    used 21192K, committed 21696K, reserved 1048576K
}
Event: 458.801 GC heap before
{Heap before GC invocations=99 (full 0):
 garbage-first heap   total 283648K, used 249936K [0x0000000080000000, 0x0000000100000000)
  region size 1024K, 13 young (13312K), 2 survivors (2048K)
 Metaspace       used 165375K, committed 166400K, reserved 1245184K
  class space    used 21310K, committed 21824K, reserved 1048576K
}
Event: 458.860 GC heap after
{Heap after GC invocations=100 (full 0):
 garbage-first heap   total 283648K, used 240584K [0x0000000080000000, 0x0000000100000000)
  region size 1024K, 2 young (2048K), 2 survivors (2048K)
 Metaspace       used 165375K, committed 166400K, reserved 1245184K
  class space    used 21310K, committed 21824K, reserved 1048576K
}
Event: 462.026 GC heap before
{Heap before GC invocations=100 (full 0):
 garbage-first heap   total 283648K, used 251848K [0x0000000080000000, 0x0000000100000000)
  region size 1024K, 13 young (13312K), 2 survivors (2048K)
 Metaspace       used 166124K, committed 167104K, reserved 1245184K
  class space    used 21402K, committed 21888K, reserved 1048576K
}
Event: 462.046 GC heap after
{Heap after GC invocations=101 (full 0):
 garbage-first heap   total 283648K, used 240791K [0x0000000080000000, 0x0000000100000000)
  region size 1024K, 2 young (2048K), 2 survivors (2048K)
 Metaspace       used 166124K, committed 167104K, reserved 1245184K
  class space    used 21402K, committed 21888K, reserved 1048576K
}

